<?xml version="1.0" encoding="utf-8"?><testsuites><testsuite name="pytest" errors="0" failures="0" skipped="0" tests="132" time="3.228" timestamp="2021-07-22T17:49:44.447915" hostname="DESKTOP-BUVH13Q"><testcase classname="tests.combine_wzdx_test" name="test_combine_wzdx" time="0.002" /><testcase classname="tests.combine_wzdx_test" name="test_find_duplicate_features_and_combine" time="0.004" /><testcase classname="tests.combine_wzdx_test" name="test_find_duplicate_features_and_combine_no_duplicates" time="0.003" /><testcase classname="tests.combine_wzdx_test" name="test_iterate_feature" time="0.001" /><testcase classname="tests.combine_wzdx_test" name="test_iterate_feature_no_match_feature" time="0.002" /><testcase classname="tests.combine_wzdx_test" name="test_generate_buffer_polygon_from_linestring" time="0.001" /><testcase classname="tests.combine_wzdx_test" name="test_generate_buffer_polygon_from_linestring_no_geometry" time="0.001" /><testcase classname="tests.combine_wzdx_test" name="test_isPointInPolygon_not_inpolygon" time="0.001" /><testcase classname="tests.combine_wzdx_test" name="test_isPointInPolygon" time="0.001" /><testcase classname="tests.combine_wzdx_test" name="test_isPointInPolygon_no_point" time="0.001" /><testcase classname="tests.combine_wzdx_test" name="test_isPointInPolygon_no_polygon" time="0.001" /><testcase classname="tests.cotrip_translator_test" name="test_wzdx_creator" time="0.004" /><testcase classname="tests.cotrip_translator_test" name="test_wzdx_creator_empty_cotrip_object" time="0.001" /><testcase classname="tests.cotrip_translator_test" name="test_wzdx_creator_invalid_incidents_no_description" time="0.003" /><testcase classname="tests.cotrip_translator_test" name="test_wzdx_creator_invalid_info_object" time="0.001" /><testcase classname="tests.cotrip_translator_test" name="test_parse_polyline_valid_data" time="0.001" /><testcase classname="tests.cotrip_translator_test" name="test_parse_polyline_null_parameter" time="0.000" /><testcase classname="tests.cotrip_translator_test" name="test_parse_polyline_invalid_data" time="0.001" /><testcase classname="tests.cotrip_translator_test" name="test_parse_polyline_invalid_coordinates" time="0.001" /><testcase classname="tests.cotrip_translator_test" name="test_get_event_status_active" time="0.001" /><testcase classname="tests.cotrip_translator_test" name="test_get_event_status_planned" time="0.001" /><testcase classname="tests.cotrip_translator_test" name="test_get_event_status_completed" time="0.001" /><testcase classname="tests.cotrip_translator_test" name="test_get_event_status_pending" time="0.001" /><testcase classname="tests.cotrip_translator_test" name="test_parse_alert_success" time="0.001" /><testcase classname="tests.cotrip_translator_test" name="test_parse_alert_multiple_road_names" time="0.001" /><testcase classname="tests.cotrip_translator_test" name="test_parse_alert_no_data" time="0.001" /><testcase classname="tests.cotrip_translator_test" name="test_parse_alert_invalid_data" time="0.002" /><testcase classname="tests.cotrip_translator_test" name="test_validate_alert_valid_data" time="0.001" /><testcase classname="tests.cotrip_translator_test" name="test_validate_alert_missing_required_field_description" time="0.002" /><testcase classname="tests.cotrip_translator_test" name="test_validate_alert_invalid_start_time" time="0.001" /><testcase classname="tests.cotrip_translator_test" name="test_validate_alert_invalid" time="0.001" /><testcase classname="tests.cotrip_translator_test" name="test_validate_alert_no_data" time="0.001" /><testcase classname="tests.cotrip_translator_test" name="test_get_types_of_work_none_type_of_work" time="0.001" /><testcase classname="tests.cotrip_translator_test" name="test_get_types_of_work_string_without_a_colon" time="0.001" /><testcase classname="tests.cotrip_translator_test" name="test_get_types_of_work" time="0.001" /><testcase classname="tests.cotrip_translator_test" name="test_get_restrictions" time="0.001" /><testcase classname="tests.cotrip_translator_test" name="test_get_restrictions_none_work_updates" time="0.001" /><testcase classname="tests.cotrip_translator_test" name="test_get_restrictions_empty_list" time="0.000" /><testcase classname="tests.cotrip_translator_test" name="test_get_restrictions_invalid_list" time="0.001" /><testcase classname="tests.cotrip_translator_test" name="test_get_restrictions_valid" time="0.001" /><testcase classname="tests.cotrip_translator_test" name="test_get_restrictions_no_restriction" time="0.001" /><testcase classname="tests.cotrip_translator_test" name="test_get_restrictions_empty_restriction" time="0.001" /><testcase classname="tests.cotrip_translator_test" name="test_parse_reduced_speed_limit_from_description" time="0.001" /><testcase classname="tests.cotrip_translator_test" name="test_parse_reduced_speed_limit_from_description_invalid" time="0.001" /><testcase classname="tests.cotrip_translator_test" name="test_parse_reduced_speed_limit_from_description_no_description" time="0.001" /><testcase classname="tests.cotrip_translator_test" name="test_get_rsz_from_event" time="0.001" /><testcase classname="tests.cotrip_translator_test" name="test_get_rsz_from_event_invalid" time="0.001" /><testcase classname="tests.cotrip_translator_test" name="test_get_rsz_from_event_empty_event" time="0.001" /><testcase classname="tests.icone_translator_test" name="test_parse_incident_from_street_success" time="0.005" /><testcase classname="tests.icone_translator_test" name="test_parse_incident_from_coordinates_success" time="0.001" /><testcase classname="tests.icone_translator_test" name="test_parse_incident_no_data" time="0.001" /><testcase classname="tests.icone_translator_test" name="test_parse_incident_invalid_data" time="0.001" /><testcase classname="tests.icone_translator_test" name="test_parse_incident_no_direction" time="0.001" /><testcase classname="tests.icone_translator_test" name="test_parse_polyline_valid_data" time="0.001" /><testcase classname="tests.icone_translator_test" name="test_parse_polyline_null_parameter" time="0.001" /><testcase classname="tests.icone_translator_test" name="test_parse_polyline_invalid_data" time="0.001" /><testcase classname="tests.icone_translator_test" name="test_parse_polyline_invalid_coordinates" time="0.001" /><testcase classname="tests.icone_translator_test" name="test_validate_incident_valid_data" time="0.001" /><testcase classname="tests.icone_translator_test" name="test_validate_incident_missing_required_field_description" time="0.001" /><testcase classname="tests.icone_translator_test" name="test_validate_incident_invalid_start_time" time="0.001" /><testcase classname="tests.icone_translator_test" name="test_validate_incident_invalid" time="0.001" /><testcase classname="tests.icone_translator_test" name="test_validate_incident_no_data" time="0.001" /><testcase classname="tests.icone_translator_test" name="test_get_road_direction_no_direction" time="0.001" /><testcase classname="tests.icone_translator_test" name="test_get_road_direction_empty_string" time="0.001" /><testcase classname="tests.icone_translator_test" name="test_get_road_direction_empty_coordinates" time="0.001" /><testcase classname="tests.icone_translator_test" name="test_get_road_direction_null_coordinates" time="0.001" /><testcase classname="tests.icone_translator_test" name="test_get_road_direction_northbound_direction" time="0.001" /><testcase classname="tests.icone_translator_test" name="test_get_road_direction_eastbound_direction" time="0.001" /><testcase classname="tests.icone_translator_test" name="test_get_road_direction_westbound_direction" time="0.001" /><testcase classname="tests.icone_translator_test" name="test_get_vehicle_impact_some_lanes_closed" time="0.001" /><testcase classname="tests.icone_translator_test" name="test_get_vehicle_impact_all_lanes_open" time="0.001" /><testcase classname="tests.icone_translator_test" name="test_get_event_status_active" time="0.001" /><testcase classname="tests.icone_translator_test" name="test_get_event_status_planned" time="0.001" /><testcase classname="tests.icone_translator_test" name="test_get_event_status_completed" time="0.001" /><testcase classname="tests.icone_translator_test" name="test_wzdx_creator" time="0.003" /><testcase classname="tests.icone_translator_test" name="test_wzdx_creator_empty_icone_object" time="0.001" /><testcase classname="tests.icone_translator_test" name="test_wzdx_creator_no_info_object" time="0.003" /><testcase classname="tests.icone_translator_test" name="test_wzdx_creator_no_incidents" time="0.001" /><testcase classname="tests.icone_translator_test" name="test_wzdx_creator_invalid_incidents_no_description" time="0.002" /><testcase classname="tests.icone_translator_test" name="test_wzdx_creator_invalid_info_object" time="0.001" /><testcase classname="tests.icone_translator_test" name="test_wzdx_creator_valid_and_invalid" time="0.003" /><testcase classname="tests.icone_translator_test" name="test_parse_direction_from_street_name_southbound" time="0.001" /><testcase classname="tests.icone_translator_test" name="test_parse_direction_from_street_name_northbound" time="0.000" /><testcase classname="tests.icone_translator_test" name="test_parse_direction_from_street_name_eastbound" time="0.001" /><testcase classname="tests.icone_translator_test" name="test_parse_direction_from_street_name_westbound" time="0.001" /><testcase classname="tests.icone_translator_test" name="test_parse_icone_sensor" time="0.001" /><testcase classname="tests.icone_translator_test" name="test_parse_pcms_sensor" time="0.001" /><testcase classname="tests.icone_translator_test" name="test_create_description" time="0.002" /><testcase classname="tests.GCP_cloud_function.cloud_function.main_test" name="test_get_ftp_file" time="0.004" /><testcase classname="tests.GCP_cloud_function.cloud_function.main_test" name="test_translate_newest_icone_to_wzdx_success" time="0.008" /><testcase classname="tests.GCP_cloud_function.cloud_function.main_test" name="test_translate_newest_icone_to_wzdx_validation_failed" time="0.005" /><testcase classname="tests.GCP_cloud_function.cloud_function.main_test" name="test_translate_newest_icone_to_wzdx_no_ftp_url" time="0.004" /><testcase classname="tests.GCP_cloud_function.cloud_function.main_test" name="test_translate_newest_icone_to_wzdx_invalid_ftp_url" time="0.005" /><testcase classname="tests.GCP_cloud_function.cloud_function.main_test" name="test_get_ftp_url" time="0.003" /><testcase classname="tests.GCP_cloud_function.cloud_function.main_test" name="test_get_ftp_url_missing_environment_variable" time="0.002" /><testcase classname="tests.GCP_cloud_function.cloud_function.main_test" name="test_parse_xml" time="0.001" /><testcase classname="tests.GCP_cloud_function.cloud_function.main_test" name="test_get_ftp_credentials" time="0.003" /><testcase classname="tests.GCP_cloud_function.cloud_function.main_test" name="test_get_ftp_credentials_no_env_vars" time="0.002" /><testcase classname="tests.GCP_cloud_function.cloud_function.main_test" name="test_get_ftp_secrets_password_does_not_exist" time="0.003" /><testcase classname="tests.GCP_cloud_function.cloud_function.main_test" name="test_get_ftp_secrets_username_does_not_exist" time="0.004" /><testcase classname="tests.GCP_cloud_function.cloud_function.main_test" name="test_get_wzdx_schema" time="0.008" /><testcase classname="tests.GCP_cloud_function.cloud_function.main_test" name="test_get_wzdx_schema_invalid_data" time="0.001" /><testcase classname="tests.GCP_cloud_function.cloud_function.main_test" name="test_get_wzdx_schema_not_exist" time="0.001" /><testcase classname="tests.GCP_cloud_function.cloud_function.main_test" name="test_unsupported_messages_callback_dict" time="0.008" /><testcase classname="tests.GCP_cloud_function.cloud_function.main_test" name="test_unsupported_messages_callback_string" time="0.005" /><testcase classname="tests.GCP_cloud_function.cloud_function.main_test" name="test_unsupported_messages_callback_no_environment_variable" time="0.002" /><testcase classname="tests.GCP_cloud_function.cloud_function.main_test" name="test_formatMessage_dict_type" time="0.001" /><testcase classname="tests.GCP_cloud_function.cloud_function.main_test" name="test_formatMessage_string_type" time="0.001" /><testcase classname="tests.GCP_cloud_function.cloud_function.main_test" name="test_formatMessage_list_type" time="0.001" /><testcase classname="tests.GCP_cloud_function.cloud_function.main_test" name="test_formatMessage_None_type" time="0.001" /><testcase classname="tests.GCP_cloud_function.cloud_function.main_test" name="test_formatMessage_int_type" time="0.001" /><testcase classname="tests.GCP_cloud_function.cloud_function.main_test" name="test_formatMessage_float_type" time="0.001" /><testcase classname="tests.GCP_cloud_function.cloud_function.main_test" name="test_formatMessage_byte_string" time="0.001" /><testcase classname="tests.tools.date_test" name="test_reformat_datetime_valid_timeformat" time="0.001" /><testcase classname="tests.tools.date_test" name="test_reformat_datetime_null_time" time="0.001" /><testcase classname="tests.tools.date_test" name="test_reformat_datetime_invalid_time" time="0.001" /><testcase classname="tests.tools.wzdx_translator_test" name="test_valid_info_valid_info" time="0.001" /><testcase classname="tests.tools.wzdx_translator_test" name="test_valid_info_no_info" time="0.001" /><testcase classname="tests.tools.wzdx_translator_test" name="test_valid_info_invalid_info_missing_required_fields_lrs_type" time="0.001" /><testcase classname="tests.tools.wzdx_translator_test" name="test_valid_info_invalid_info_invalid_feed_info_id" time="0.001" /><testcase classname="tests.tools.wzdx_translator_test" name="test_parse_xml" time="0.004" /><testcase classname="tests.tools.wzdx_translator_test" name="test_parse_xml_file_empty_string" time="0.001" /><testcase classname="tests.tools.wzdx_translator_test" name="test_parse_xml_file_does_not_exist" time="0.001" /><testcase classname="tests.tools.wzdx_translator_test" name="test_validate_wzdx_valid_wzdx_data" time="0.736" /><testcase classname="tests.tools.wzdx_translator_test" name="test_validate_wzdx_invalid_location_method_wzdx_data" time="0.360" /><testcase classname="tests.tools.wzdx_translator_test" name="test_validate_wzdx_no_schema" time="0.001" /><testcase classname="tests.tools.wzdx_translator_test" name="test_validate_wzdx_no_wzdx_data" time="0.001" /><testcase classname="tests.tools.wzdx_translator_test" name="test_initialize_info" time="0.003" /><testcase classname="tests.tools.wzdx_translator_test" name="test_add_ids" time="0.002" /><testcase classname="tests.tools.wzdx_translator_test" name="test_add_ids_invalid_message_type" time="0.001" /><testcase classname="tests.tools.wzdx_translator_test" name="test_add_ids_empty_message" time="0.001" /><testcase classname="tests.tools.wzdx_translator_test" name="test_add_ids_invalid_message" time="0.001" /></testsuite></testsuites>